# JRE version: Java(TM) SE Runtime Environment (8.0_341-b10) (build 1.8.0_341-b10)
# Java VM: Java HotSpot(TM) 64-Bit Server VM (25.341-b10 mixed mode windows-amd64 compressed oops)
Heap:
 PSYoungGen      total 270848K, used 114381K [0x00000000eab00000, 0x0000000100000000, 0x0000000100000000)
  eden space 260096K, 39% used [0x00000000eab00000,0x00000000f10377c8,0x00000000fa900000)
  from space 10752K, 99% used [0x00000000fa900000,0x00000000fb37bf00,0x00000000fb380000)
  to   space 22528K, 0% used [0x00000000fea00000,0x00000000fea00000,0x0000000100000000)
 ParOldGen       total 93696K, used 25056K [0x00000000c0000000, 0x00000000c5b80000, 0x00000000eab00000)
  object space 93696K, 26% used [0x00000000c0000000,0x00000000c18783f8,0x00000000c5b80000)
 Metaspace       used 29528K, capacity 30718K, committed 30976K, reserved 1077248K
  class space    used 3513K, capacity 3838K, committed 3840K, reserved 1048576K
GC Heap History (10 events):
Event: 1.252 GC heap before
{Heap before GC invocations=2 (full 0):
 PSYoungGen      total 75776K, used 75755K [0x00000000eab00000, 0x00000000f3f00000, 0x0000000100000000)
  eden space 65024K, 100% used [0x00000000eab00000,0x00000000eea80000,0x00000000eea80000)
  from space 10752K, 99% used [0x00000000eea80000,0x00000000ef4fadc0,0x00000000ef500000)
  to   space 10752K, 0% used [0x00000000f3480000,0x00000000f3480000,0x00000000f3f00000)
 ParOldGen       total 173568K, used 558K [0x00000000c0000000, 0x00000000ca980000, 0x00000000eab00000)
  object space 173568K, 0% used [0x00000000c0000000,0x00000000c008b9f8,0x00000000ca980000)
 Metaspace       used 19730K, capacity 20468K, committed 20608K, reserved 1067008K
  class space    used 2475K, capacity 2676K, committed 2688K, reserved 1048576K
Event: 1.263 GC heap after
Heap after GC invocations=2 (full 0):
 PSYoungGen      total 140800K, used 10733K [0x00000000eab00000, 0x00000000f3f00000, 0x0000000100000000)
  eden space 130048K, 0% used [0x00000000eab00000,0x00000000eab00000,0x00000000f2a00000)
  from space 10752K, 99% used [0x00000000f3480000,0x00000000f3efb548,0x00000000f3f00000)
  to   space 10752K, 0% used [0x00000000f2a00000,0x00000000f2a00000,0x00000000f3480000)
 ParOldGen       total 173568K, used 2287K [0x00000000c0000000, 0x00000000ca980000, 0x00000000eab00000)
  object space 173568K, 1% used [0x00000000c0000000,0x00000000c023bda8,0x00000000ca980000)
 Metaspace       used 19730K, capacity 20468K, committed 20608K, reserved 1067008K
  class space    used 2475K, capacity 2676K, committed 2688K, reserved 1048576K
}
Event: 1.309 GC heap before
{Heap before GC invocations=3 (full 0):
 PSYoungGen      total 140800K, used 16704K [0x00000000eab00000, 0x00000000f3f00000, 0x0000000100000000)
  eden space 130048K, 4% used [0x00000000eab00000,0x00000000eb0d4bd8,0x00000000f2a00000)
  from space 10752K, 99% used [0x00000000f3480000,0x00000000f3efb548,0x00000000f3f00000)
  to   space 10752K, 0% used [0x00000000f2a00000,0x00000000f2a00000,0x00000000f3480000)
 ParOldGen       total 173568K, used 2287K [0x00000000c0000000, 0x00000000ca980000, 0x00000000eab00000)
  object space 173568K, 1% used [0x00000000c0000000,0x00000000c023bda8,0x00000000ca980000)
 Metaspace       used 20299K, capacity 21172K, committed 21248K, reserved 1067008K
  class space    used 2548K, capacity 2756K, committed 2816K, reserved 1048576K
Event: 1.316 GC heap after
Heap after GC invocations=3 (full 0):
 PSYoungGen      total 140800K, used 8576K [0x00000000eab00000, 0x00000000fbe00000, 0x0000000100000000)
  eden space 130048K, 0% used [0x00000000eab00000,0x00000000eab00000,0x00000000f2a00000)
  from space 10752K, 79% used [0x00000000f2a00000,0x00000000f3260050,0x00000000f3480000)
  to   space 10752K, 0% used [0x00000000fb380000,0x00000000fb380000,0x00000000fbe00000)
 ParOldGen       total 173568K, used 2295K [0x00000000c0000000, 0x00000000ca980000, 0x00000000eab00000)
  object space 173568K, 1% used [0x00000000c0000000,0x00000000c023dda8,0x00000000ca980000)
 Metaspace       used 20299K, capacity 21172K, committed 21248K, reserved 1067008K
  class space    used 2548K, capacity 2756K, committed 2816K, reserved 1048576K
}
Event: 1.316 GC heap before
{Heap before GC invocations=4 (full 1):
 PSYoungGen      total 140800K, used 8576K [0x00000000eab00000, 0x00000000fbe00000, 0x0000000100000000)
  eden space 130048K, 0% used [0x00000000eab00000,0x00000000eab00000,0x00000000f2a00000)
  from space 10752K, 79% used [0x00000000f2a00000,0x00000000f3260050,0x00000000f3480000)
  to   space 10752K, 0% used [0x00000000fb380000,0x00000000fb380000,0x00000000fbe00000)
 ParOldGen       total 173568K, used 2295K [0x00000000c0000000, 0x00000000ca980000, 0x00000000eab00000)
  object space 173568K, 1% used [0x00000000c0000000,0x00000000c023dda8,0x00000000ca980000)
 Metaspace       used 20299K, capacity 21172K, committed 21248K, reserved 1067008K
  class space    used 2548K, capacity 2756K, committed 2816K, reserved 1048576K
Event: 1.339 GC heap after
Heap after GC invocations=4 (full 1):
 PSYoungGen      total 140800K, used 0K [0x00000000eab00000, 0x00000000fbe00000, 0x0000000100000000)
  eden space 130048K, 0% used [0x00000000eab00000,0x00000000eab00000,0x00000000f2a00000)
  from space 10752K, 0% used [0x00000000f2a00000,0x00000000f2a00000,0x00000000f3480000)
  to   space 10752K, 0% used [0x00000000fb380000,0x00000000fb380000,0x00000000fbe00000)
 ParOldGen       total 93696K, used 8376K [0x00000000c0000000, 0x00000000c5b80000, 0x00000000eab00000)
  object space 93696K, 8% used [0x00000000c0000000,0x00000000c082e310,0x00000000c5b80000)
 Metaspace       used 20299K, capacity 21172K, committed 21248K, reserved 1067008K
  class space    used 2548K, capacity 2756K, committed 2816K, reserved 1048576K
}
Event: 2.630 GC heap before
{Heap before GC invocations=5 (full 1):
 PSYoungGen      total 140800K, used 130048K [0x00000000eab00000, 0x00000000fbe00000, 0x0000000100000000)
  eden space 130048K, 100% used [0x00000000eab00000,0x00000000f2a00000,0x00000000f2a00000)
  from space 10752K, 0% used [0x00000000f2a00000,0x00000000f2a00000,0x00000000f3480000)
  to   space 10752K, 0% used [0x00000000fb380000,0x00000000fb380000,0x00000000fbe00000)
 ParOldGen       total 93696K, used 8376K [0x00000000c0000000, 0x00000000c5b80000, 0x00000000eab00000)
  object space 93696K, 8% used [0x00000000c0000000,0x00000000c082e310,0x00000000c5b80000)
 Metaspace       used 26844K, capacity 27816K, committed 27904K, reserved 1073152K
  class space    used 3257K, capacity 3512K, committed 3584K, reserved 1048576K
Event: 2.642 GC heap after
Heap after GC invocations=5 (full 1):
 PSYoungGen      total 229376K, used 10739K [0x00000000eab00000, 0x00000000fbe00000, 0x0000000100000000)
  eden space 218624K, 0% used [0x00000000eab00000,0x00000000eab00000,0x00000000f8080000)
  from space 10752K, 99% used [0x00000000fb380000,0x00000000fbdfcf78,0x00000000fbe00000)
  to   space 10752K, 0% used [0x00000000fa900000,0x00000000fa900000,0x00000000fb380000)
 ParOldGen       total 93696K, used 17487K [0x00000000c0000000, 0x00000000c5b80000, 0x00000000eab00000)
  object space 93696K, 18% used [0x00000000c0000000,0x00000000c1113d28,0x00000000c5b80000)
 Metaspace       used 26844K, capacity 27816K, committed 27904K, reserved 1073152K
  class space    used 3257K, capacity 3512K, committed 3584K, reserved 1048576K
}
Event: 3.820 GC heap before
{Heap before GC invocations=6 (full 1):
 PSYoungGen      total 229376K, used 229363K [0x00000000eab00000, 0x00000000fbe00000, 0x0000000100000000)
  eden space 218624K, 100% used [0x00000000eab00000,0x00000000f8080000,0x00000000f8080000)
  from space 10752K, 99% used [0x00000000fb380000,0x00000000fbdfcf78,0x00000000fbe00000)
  to   space 10752K, 0% used [0x00000000fa900000,0x00000000fa900000,0x00000000fb380000)
 ParOldGen       total 93696K, used 17487K [0x00000000c0000000, 0x00000000c5b80000, 0x00000000eab00000)
  object space 93696K, 18% used [0x00000000c0000000,0x00000000c1113d28,0x00000000c5b80000)
 Metaspace       used 29416K, capacity 30654K, committed 30720K, reserved 1077248K
  class space    used 3512K, capacity 3838K, committed 3840K, reserved 1048576K
Event: 3.831 GC heap after
Heap after GC invocations=6 (full 1):
 PSYoungGen      total 270848K, used 10735K [0x00000000eab00000, 0x0000000100000000, 0x0000000100000000)
  eden space 260096K, 0% used [0x00000000eab00000,0x00000000eab00000,0x00000000fa900000)
  from space 10752K, 99% used [0x00000000fa900000,0x00000000fb37bf00,0x00000000fb380000)
  to   space 22528K, 0% used [0x00000000fea00000,0x00000000fea00000,0x0000000100000000)
 ParOldGen       total 93696K, used 25056K [0x00000000c0000000, 0x00000000c5b80000, 0x00000000eab00000)
  object space 93696K, 26% used [0x00000000c0000000,0x00000000c18783f8,0x00000000c5b80000)
 Metaspace       used 29416K, capacity 30654K, committed 30720K, reserved 1077248K
  class space    used 3512K, capacity 3838K, committed 3840K, reserved 1048576K
}

