# JRE version: Java(TM) SE Runtime Environment (8.0_341-b10) (build 1.8.0_341-b10)
# Java VM: Java HotSpot(TM) 64-Bit Server VM (25.341-b10 mixed mode windows-amd64 compressed oops)
Heap:
 PSYoungGen      total 199168K, used 6967K [0x000000076b780000, 0x000000077e880000, 0x00000007c0000000)
  eden space 176128K, 3% used [0x000000076b780000,0x000000076be4dc08,0x0000000776380000)
  from space 23040K, 0% used [0x0000000776380000,0x0000000776380000,0x0000000777a00000)
  to   space 37888K, 0% used [0x000000077c380000,0x000000077c380000,0x000000077e880000)
 ParOldGen       total 94720K, used 25539K [0x00000006c2600000, 0x00000006c8280000, 0x000000076b780000)
  object space 94720K, 26% used [0x00000006c2600000,0x00000006c3ef0d80,0x00000006c8280000)
 Metaspace       used 32947K, capacity 34234K, committed 35416K, reserved 1081344K
  class space    used 3827K, capacity 4143K, committed 4352K, reserved 1048576K
GC Heap History (10 events):
Event: 3.567 GC heap before
{Heap before GC invocations=7 (full 1):
 PSYoungGen      total 133632K, used 133620K [0x000000076b780000, 0x0000000779200000, 0x00000007c0000000)
  eden space 122880K, 100% used [0x000000076b780000,0x0000000772f80000,0x0000000772f80000)
  from space 10752K, 99% used [0x0000000772f80000,0x00000007739fd138,0x0000000773a00000)
  to   space 24576K, 0% used [0x0000000777a00000,0x0000000777a00000,0x0000000779200000)
 ParOldGen       total 94720K, used 21562K [0x00000006c2600000, 0x00000006c8280000, 0x000000076b780000)
  object space 94720K, 22% used [0x00000006c2600000,0x00000006c3b0eab0,0x00000006c8280000)
 Metaspace       used 28952K, capacity 30052K, committed 30208K, reserved 1075200K
  class space    used 3467K, capacity 3785K, committed 3840K, reserved 1048576K
Event: 3.584 GC heap after
Heap after GC invocations=7 (full 1):
 PSYoungGen      total 200704K, used 12801K [0x000000076b780000, 0x000000077a600000, 0x00000007c0000000)
  eden space 176128K, 0% used [0x000000076b780000,0x000000076b780000,0x0000000776380000)
  from space 24576K, 52% used [0x0000000777a00000,0x0000000778680450,0x0000000779200000)
  to   space 23040K, 0% used [0x0000000776380000,0x0000000776380000,0x0000000777a00000)
 ParOldGen       total 94720K, used 21570K [0x00000006c2600000, 0x00000006c8280000, 0x000000076b780000)
  object space 94720K, 22% used [0x00000006c2600000,0x00000006c3b10ab0,0x00000006c8280000)
 Metaspace       used 28952K, capacity 30052K, committed 30208K, reserved 1075200K
  class space    used 3467K, capacity 3785K, committed 3840K, reserved 1048576K
}
Event: 4.463 GC heap before
{Heap before GC invocations=8 (full 1):
 PSYoungGen      total 200704K, used 188929K [0x000000076b780000, 0x000000077a600000, 0x00000007c0000000)
  eden space 176128K, 100% used [0x000000076b780000,0x0000000776380000,0x0000000776380000)
  from space 24576K, 52% used [0x0000000777a00000,0x0000000778680450,0x0000000779200000)
  to   space 23040K, 0% used [0x0000000776380000,0x0000000776380000,0x0000000777a00000)
 ParOldGen       total 94720K, used 21570K [0x00000006c2600000, 0x00000006c8280000, 0x000000076b780000)
  object space 94720K, 22% used [0x00000006c2600000,0x00000006c3b10ab0,0x00000006c8280000)
 Metaspace       used 29569K, capacity 30786K, committed 30976K, reserved 1077248K
  class space    used 3514K, capacity 3838K, committed 3840K, reserved 1048576K
Event: 4.481 GC heap after
Heap after GC invocations=8 (full 1):
 PSYoungGen      total 199168K, used 21142K [0x000000076b780000, 0x000000077a600000, 0x00000007c0000000)
  eden space 176128K, 0% used [0x000000076b780000,0x000000076b780000,0x0000000776380000)
  from space 23040K, 91% used [0x0000000776380000,0x0000000777825940,0x0000000777a00000)
  to   space 24576K, 0% used [0x0000000777a00000,0x0000000777a00000,0x0000000779200000)
 ParOldGen       total 94720K, used 21578K [0x00000006c2600000, 0x00000006c8280000, 0x000000076b780000)
  object space 94720K, 22% used [0x00000006c2600000,0x00000006c3b12ab0,0x00000006c8280000)
 Metaspace       used 29569K, capacity 30786K, committed 30976K, reserved 1077248K
  class space    used 3514K, capacity 3838K, committed 3840K, reserved 1048576K
}
Event: 5.966 GC heap before
{Heap before GC invocations=9 (full 1):
 PSYoungGen      total 199168K, used 197270K [0x000000076b780000, 0x000000077a600000, 0x00000007c0000000)
  eden space 176128K, 100% used [0x000000076b780000,0x0000000776380000,0x0000000776380000)
  from space 23040K, 91% used [0x0000000776380000,0x0000000777825940,0x0000000777a00000)
  to   space 24576K, 0% used [0x0000000777a00000,0x0000000777a00000,0x0000000779200000)
 ParOldGen       total 94720K, used 21578K [0x00000006c2600000, 0x00000006c8280000, 0x000000076b780000)
  object space 94720K, 22% used [0x00000006c2600000,0x00000006c3b12ab0,0x00000006c8280000)
 Metaspace       used 31448K, capacity 32642K, committed 32896K, reserved 1079296K
  class space    used 3656K, capacity 3966K, committed 3968K, reserved 1048576K
Event: 5.992 GC heap after
Heap after GC invocations=9 (full 1):
 PSYoungGen      total 200704K, used 24559K [0x000000076b780000, 0x000000077a600000, 0x00000007c0000000)
  eden space 176128K, 0% used [0x000000076b780000,0x000000076b780000,0x0000000776380000)
  from space 24576K, 99% used [0x0000000777a00000,0x00000007791fbe30,0x0000000779200000)
  to   space 23040K, 0% used [0x0000000776380000,0x0000000776380000,0x0000000777a00000)
 ParOldGen       total 94720K, used 30449K [0x00000006c2600000, 0x00000006c8280000, 0x000000076b780000)
  object space 94720K, 32% used [0x00000006c2600000,0x00000006c43bc498,0x00000006c8280000)
 Metaspace       used 31448K, capacity 32642K, committed 32896K, reserved 1079296K
  class space    used 3656K, capacity 3966K, committed 3968K, reserved 1048576K
}
Event: 6.738 GC heap before
{Heap before GC invocations=10 (full 1):
 PSYoungGen      total 200704K, used 138168K [0x000000076b780000, 0x000000077a600000, 0x00000007c0000000)
  eden space 176128K, 64% used [0x000000076b780000,0x00000007726724e0,0x0000000776380000)
  from space 24576K, 99% used [0x0000000777a00000,0x00000007791fbe30,0x0000000779200000)
  to   space 23040K, 0% used [0x0000000776380000,0x0000000776380000,0x0000000777a00000)
 ParOldGen       total 94720K, used 30449K [0x00000006c2600000, 0x00000006c8280000, 0x000000076b780000)
  object space 94720K, 32% used [0x00000006c2600000,0x00000006c43bc498,0x00000006c8280000)
 Metaspace       used 33920K, capacity 35274K, committed 35416K, reserved 1081344K
  class space    used 3934K, capacity 4274K, committed 4352K, reserved 1048576K
Event: 6.759 GC heap after
Heap after GC invocations=10 (full 1):
 PSYoungGen      total 199168K, used 23018K [0x000000076b780000, 0x000000077e880000, 0x00000007c0000000)
  eden space 176128K, 0% used [0x000000076b780000,0x000000076b780000,0x0000000776380000)
  from space 23040K, 99% used [0x0000000776380000,0x00000007779fa8e8,0x0000000777a00000)
  to   space 37888K, 0% used [0x000000077c380000,0x000000077c380000,0x000000077e880000)
 ParOldGen       total 94720K, used 39067K [0x00000006c2600000, 0x00000006c8280000, 0x000000076b780000)
  object space 94720K, 41% used [0x00000006c2600000,0x00000006c4c26f18,0x00000006c8280000)
 Metaspace       used 33920K, capacity 35274K, committed 35416K, reserved 1081344K
  class space    used 3934K, capacity 4274K, committed 4352K, reserved 1048576K
}
Event: 6.759 GC heap before
{Heap before GC invocations=11 (full 2):
 PSYoungGen      total 199168K, used 23018K [0x000000076b780000, 0x000000077e880000, 0x00000007c0000000)
  eden space 176128K, 0% used [0x000000076b780000,0x000000076b780000,0x0000000776380000)
  from space 23040K, 99% used [0x0000000776380000,0x00000007779fa8e8,0x0000000777a00000)
  to   space 37888K, 0% used [0x000000077c380000,0x000000077c380000,0x000000077e880000)
 ParOldGen       total 94720K, used 39067K [0x00000006c2600000, 0x00000006c8280000, 0x000000076b780000)
  object space 94720K, 41% used [0x00000006c2600000,0x00000006c4c26f18,0x00000006c8280000)
 Metaspace       used 33920K, capacity 35274K, committed 35416K, reserved 1081344K
  class space    used 3934K, capacity 4274K, committed 4352K, reserved 1048576K
Event: 6.813 GC heap after
Heap after GC invocations=11 (full 2):
 PSYoungGen      total 199168K, used 0K [0x000000076b780000, 0x000000077e880000, 0x00000007c0000000)
  eden space 176128K, 0% used [0x000000076b780000,0x000000076b780000,0x0000000776380000)
  from space 23040K, 0% used [0x0000000776380000,0x0000000776380000,0x0000000777a00000)
  to   space 37888K, 0% used [0x000000077c380000,0x000000077c380000,0x000000077e880000)
 ParOldGen       total 94720K, used 25539K [0x00000006c2600000, 0x00000006c8280000, 0x000000076b780000)
  object space 94720K, 26% used [0x00000006c2600000,0x00000006c3ef0d80,0x00000006c8280000)
 Metaspace       used 32265K, capacity 33548K, committed 35416K, reserved 1081344K
  class space    used 3741K, capacity 4064K, committed 4352K, reserved 1048576K
}

