# JRE version: Java(TM) SE Runtime Environment (8.0_341-b10) (build 1.8.0_341-b10)
# Java VM: Java HotSpot(TM) 64-Bit Server VM (25.341-b10 mixed mode windows-amd64 compressed oops)
Heap:
 PSYoungGen      total 131584K, used 3104K [0x000000076b780000, 0x0000000774b00000, 0x00000007c0000000)
  eden space 118272K, 1% used [0x000000076b780000,0x000000076b9c6620,0x0000000772b00000)
  from space 13312K, 5% used [0x0000000773800000,0x00000007738c1d98,0x0000000774500000)
  to   space 13312K, 0% used [0x0000000772b00000,0x0000000772b00000,0x0000000773800000)
 ParOldGen       total 101888K, used 32914K [0x00000006c2600000, 0x00000006c8980000, 0x000000076b780000)
  object space 101888K, 32% used [0x00000006c2600000,0x00000006c4624b48,0x00000006c8980000)
 Metaspace       used 29230K, capacity 30364K, committed 30464K, reserved 1075200K
  class space    used 3491K, capacity 3789K, committed 3840K, reserved 1048576K
GC Heap History (10 events):
Event: 1.602 GC heap before
{Heap before GC invocations=9 (full 1):
 PSYoungGen      total 131584K, used 118685K [0x000000076b780000, 0x0000000774b00000, 0x00000007c0000000)
  eden space 118272K, 99% used [0x000000076b780000,0x0000000772ad37a8,0x0000000772b00000)
  from space 13312K, 4% used [0x0000000772b00000,0x0000000772b94010,0x0000000773800000)
  to   space 13312K, 0% used [0x0000000773800000,0x0000000773800000,0x0000000774500000)
 ParOldGen       total 101888K, used 43181K [0x00000006c2600000, 0x00000006c8980000, 0x000000076b780000)
  object space 101888K, 42% used [0x00000006c2600000,0x00000006c502b628,0x00000006c8980000)
 Metaspace       used 21255K, capacity 22098K, committed 22400K, reserved 1069056K
  class space    used 2634K, capacity 2831K, committed 2944K, reserved 1048576K
Event: 1.608 GC heap after
Heap after GC invocations=9 (full 1):
 PSYoungGen      total 131584K, used 11664K [0x000000076b780000, 0x0000000774b00000, 0x00000007c0000000)
  eden space 118272K, 0% used [0x000000076b780000,0x000000076b780000,0x0000000772b00000)
  from space 13312K, 87% used [0x0000000773800000,0x0000000774364020,0x0000000774500000)
  to   space 13312K, 0% used [0x0000000772b00000,0x0000000772b00000,0x0000000773800000)
 ParOldGen       total 101888K, used 51341K [0x00000006c2600000, 0x00000006c8980000, 0x000000076b780000)
  object space 101888K, 50% used [0x00000006c2600000,0x00000006c5823658,0x00000006c8980000)
 Metaspace       used 21255K, capacity 22098K, committed 22400K, reserved 1069056K
  class space    used 2634K, capacity 2831K, committed 2944K, reserved 1048576K
}
Event: 1.629 GC heap before
{Heap before GC invocations=10 (full 1):
 PSYoungGen      total 131584K, used 125305K [0x000000076b780000, 0x0000000774b00000, 0x00000007c0000000)
  eden space 118272K, 96% used [0x000000076b780000,0x000000077267a778,0x0000000772b00000)
  from space 13312K, 87% used [0x0000000773800000,0x0000000774364020,0x0000000774500000)
  to   space 13312K, 0% used [0x0000000772b00000,0x0000000772b00000,0x0000000773800000)
 ParOldGen       total 101888K, used 51341K [0x00000006c2600000, 0x00000006c8980000, 0x000000076b780000)
  object space 101888K, 50% used [0x00000006c2600000,0x00000006c5823658,0x00000006c8980000)
 Metaspace       used 21259K, capacity 22098K, committed 22400K, reserved 1069056K
  class space    used 2635K, capacity 2831K, committed 2944K, reserved 1048576K
Event: 1.636 GC heap after
Heap after GC invocations=10 (full 1):
 PSYoungGen      total 131584K, used 7936K [0x000000076b780000, 0x0000000774b00000, 0x00000007c0000000)
  eden space 118272K, 0% used [0x000000076b780000,0x000000076b780000,0x0000000772b00000)
  from space 13312K, 59% used [0x0000000772b00000,0x00000007732c0010,0x0000000773800000)
  to   space 13312K, 0% used [0x0000000773800000,0x0000000773800000,0x0000000774500000)
 ParOldGen       total 101888K, used 74397K [0x00000006c2600000, 0x00000006c8980000, 0x000000076b780000)
  object space 101888K, 73% used [0x00000006c2600000,0x00000006c6ea7678,0x00000006c8980000)
 Metaspace       used 21259K, capacity 22098K, committed 22400K, reserved 1069056K
  class space    used 2635K, capacity 2831K, committed 2944K, reserved 1048576K
}
Event: 2.331 GC heap before
{Heap before GC invocations=11 (full 1):
 PSYoungGen      total 131584K, used 126208K [0x000000076b780000, 0x0000000774b00000, 0x00000007c0000000)
  eden space 118272K, 100% used [0x000000076b780000,0x0000000772b00000,0x0000000772b00000)
  from space 13312K, 59% used [0x0000000772b00000,0x00000007732c0010,0x0000000773800000)
  to   space 13312K, 0% used [0x0000000773800000,0x0000000773800000,0x0000000774500000)
 ParOldGen       total 101888K, used 74397K [0x00000006c2600000, 0x00000006c8980000, 0x000000076b780000)
  object space 101888K, 73% used [0x00000006c2600000,0x00000006c6ea7678,0x00000006c8980000)
 Metaspace       used 26890K, capacity 27878K, committed 28160K, reserved 1073152K
  class space    used 3242K, capacity 3495K, committed 3584K, reserved 1048576K
Event: 2.340 GC heap after
Heap after GC invocations=11 (full 1):
 PSYoungGen      total 131584K, used 13287K [0x000000076b780000, 0x0000000774b00000, 0x00000007c0000000)
  eden space 118272K, 0% used [0x000000076b780000,0x000000076b780000,0x0000000772b00000)
  from space 13312K, 99% used [0x0000000773800000,0x00000007744f9e00,0x0000000774500000)
  to   space 13312K, 0% used [0x0000000772b00000,0x0000000772b00000,0x0000000773800000)
 ParOldGen       total 101888K, used 81612K [0x00000006c2600000, 0x00000006c8980000, 0x000000076b780000)
  object space 101888K, 80% used [0x00000006c2600000,0x00000006c75b3398,0x00000006c8980000)
 Metaspace       used 26890K, capacity 27878K, committed 28160K, reserved 1073152K
  class space    used 3242K, capacity 3495K, committed 3584K, reserved 1048576K
}
Event: 2.340 GC heap before
{Heap before GC invocations=12 (full 2):
 PSYoungGen      total 131584K, used 13287K [0x000000076b780000, 0x0000000774b00000, 0x00000007c0000000)
  eden space 118272K, 0% used [0x000000076b780000,0x000000076b780000,0x0000000772b00000)
  from space 13312K, 99% used [0x0000000773800000,0x00000007744f9e00,0x0000000774500000)
  to   space 13312K, 0% used [0x0000000772b00000,0x0000000772b00000,0x0000000773800000)
 ParOldGen       total 101888K, used 81612K [0x00000006c2600000, 0x00000006c8980000, 0x000000076b780000)
  object space 101888K, 80% used [0x00000006c2600000,0x00000006c75b3398,0x00000006c8980000)
 Metaspace       used 26890K, capacity 27878K, committed 28160K, reserved 1073152K
  class space    used 3242K, capacity 3495K, committed 3584K, reserved 1048576K
Event: 2.380 GC heap after
Heap after GC invocations=12 (full 2):
 PSYoungGen      total 131584K, used 0K [0x000000076b780000, 0x0000000774b00000, 0x00000007c0000000)
  eden space 118272K, 0% used [0x000000076b780000,0x000000076b780000,0x0000000772b00000)
  from space 13312K, 0% used [0x0000000773800000,0x0000000773800000,0x0000000774500000)
  to   space 13312K, 0% used [0x0000000772b00000,0x0000000772b00000,0x0000000773800000)
 ParOldGen       total 101888K, used 28842K [0x00000006c2600000, 0x00000006c8980000, 0x000000076b780000)
  object space 101888K, 28% used [0x00000006c2600000,0x00000006c422aaa0,0x00000006c8980000)
 Metaspace       used 26890K, capacity 27878K, committed 28160K, reserved 1073152K
  class space    used 3242K, capacity 3495K, committed 3584K, reserved 1048576K
}
Event: 3.168 GC heap before
{Heap before GC invocations=13 (full 2):
 PSYoungGen      total 131584K, used 118272K [0x000000076b780000, 0x0000000774b00000, 0x00000007c0000000)
  eden space 118272K, 100% used [0x000000076b780000,0x0000000772b00000,0x0000000772b00000)
  from space 13312K, 0% used [0x0000000773800000,0x0000000773800000,0x0000000774500000)
  to   space 13312K, 0% used [0x0000000772b00000,0x0000000772b00000,0x0000000773800000)
 ParOldGen       total 101888K, used 28842K [0x00000006c2600000, 0x00000006c8980000, 0x000000076b780000)
  object space 101888K, 28% used [0x00000006c2600000,0x00000006c422aaa0,0x00000006c8980000)
 Metaspace       used 28735K, capacity 29758K, committed 29952K, reserved 1075200K
  class space    used 3445K, capacity 3736K, committed 3840K, reserved 1048576K
Event: 3.171 GC heap after
Heap after GC invocations=13 (full 2):
 PSYoungGen      total 131584K, used 5408K [0x000000076b780000, 0x0000000774b00000, 0x00000007c0000000)
  eden space 118272K, 0% used [0x000000076b780000,0x000000076b780000,0x0000000772b00000)
  from space 13312K, 40% used [0x0000000772b00000,0x00000007730481c8,0x0000000773800000)
  to   space 13312K, 0% used [0x0000000773800000,0x0000000773800000,0x0000000774500000)
 ParOldGen       total 101888K, used 28850K [0x00000006c2600000, 0x00000006c8980000, 0x000000076b780000)
  object space 101888K, 28% used [0x00000006c2600000,0x00000006c422caa0,0x00000006c8980000)
 Metaspace       used 28735K, capacity 29758K, committed 29952K, reserved 1075200K
  class space    used 3445K, capacity 3736K, committed 3840K, reserved 1048576K
}

