# JRE version: Java(TM) SE Runtime Environment (8.0_341-b10) (build 1.8.0_341-b10)
# Java VM: Java HotSpot(TM) 64-Bit Server VM (25.341-b10 mixed mode windows-amd64 compressed oops)
Heap:
 PSYoungGen      total 140800K, used 73602K [0x000000076b780000, 0x000000077a580000, 0x00000007c0000000)
  eden space 130048K, 48% used [0x000000076b780000,0x000000076f4e7618,0x0000000773680000)
  from space 10752K, 99% used [0x0000000774100000,0x0000000774b792d8,0x0000000774b80000)
  to   space 10752K, 0% used [0x0000000773680000,0x0000000773680000,0x0000000774100000)
 ParOldGen       total 92160K, used 17466K [0x00000006c2600000, 0x00000006c8000000, 0x000000076b780000)
  object space 92160K, 18% used [0x00000006c2600000,0x00000006c370eaa8,0x00000006c8000000)
 Metaspace       used 28115K, capacity 29174K, committed 29312K, reserved 1075200K
  class space    used 3390K, capacity 3711K, committed 3712K, reserved 1048576K
GC Heap History (10 events):
Event: 0.699 GC heap before
{Heap before GC invocations=1 (full 0):
 PSYoungGen      total 75776K, used 65024K [0x000000076b780000, 0x0000000770c00000, 0x00000007c0000000)
  eden space 65024K, 100% used [0x000000076b780000,0x000000076f700000,0x000000076f700000)
  from space 10752K, 0% used [0x0000000770180000,0x0000000770180000,0x0000000770c00000)
  to   space 10752K, 0% used [0x000000076f700000,0x000000076f700000,0x0000000770180000)
 ParOldGen       total 173568K, used 0K [0x00000006c2600000, 0x00000006ccf80000, 0x000000076b780000)
  object space 173568K, 0% used [0x00000006c2600000,0x00000006c2600000,0x00000006ccf80000)
 Metaspace       used 13075K, capacity 13440K, committed 13568K, reserved 1060864K
  class space    used 1624K, capacity 1739K, committed 1792K, reserved 1048576K
Event: 0.709 GC heap after
Heap after GC invocations=1 (full 0):
 PSYoungGen      total 75776K, used 10738K [0x000000076b780000, 0x0000000774b80000, 0x00000007c0000000)
  eden space 65024K, 0% used [0x000000076b780000,0x000000076b780000,0x000000076f700000)
  from space 10752K, 99% used [0x000000076f700000,0x000000077017cae8,0x0000000770180000)
  to   space 10752K, 0% used [0x0000000774100000,0x0000000774100000,0x0000000774b80000)
 ParOldGen       total 173568K, used 634K [0x00000006c2600000, 0x00000006ccf80000, 0x000000076b780000)
  object space 173568K, 0% used [0x00000006c2600000,0x00000006c269e8f8,0x00000006ccf80000)
 Metaspace       used 13075K, capacity 13440K, committed 13568K, reserved 1060864K
  class space    used 1624K, capacity 1739K, committed 1792K, reserved 1048576K
}
Event: 1.327 GC heap before
{Heap before GC invocations=2 (full 0):
 PSYoungGen      total 75776K, used 75762K [0x000000076b780000, 0x0000000774b80000, 0x00000007c0000000)
  eden space 65024K, 100% used [0x000000076b780000,0x000000076f700000,0x000000076f700000)
  from space 10752K, 99% used [0x000000076f700000,0x000000077017cae8,0x0000000770180000)
  to   space 10752K, 0% used [0x0000000774100000,0x0000000774100000,0x0000000774b80000)
 ParOldGen       total 173568K, used 634K [0x00000006c2600000, 0x00000006ccf80000, 0x000000076b780000)
  object space 173568K, 0% used [0x00000006c2600000,0x00000006c269e8f8,0x00000006ccf80000)
 Metaspace       used 19677K, capacity 20392K, committed 20608K, reserved 1067008K
  class space    used 2468K, capacity 2674K, committed 2688K, reserved 1048576K
Event: 1.336 GC heap after
Heap after GC invocations=2 (full 0):
 PSYoungGen      total 140800K, used 10727K [0x000000076b780000, 0x0000000774b80000, 0x00000007c0000000)
  eden space 130048K, 0% used [0x000000076b780000,0x000000076b780000,0x0000000773680000)
  from space 10752K, 99% used [0x0000000774100000,0x0000000774b79ec0,0x0000000774b80000)
  to   space 10752K, 0% used [0x0000000773680000,0x0000000773680000,0x0000000774100000)
 ParOldGen       total 173568K, used 2514K [0x00000006c2600000, 0x00000006ccf80000, 0x000000076b780000)
  object space 173568K, 1% used [0x00000006c2600000,0x00000006c2874870,0x00000006ccf80000)
 Metaspace       used 19677K, capacity 20392K, committed 20608K, reserved 1067008K
  class space    used 2468K, capacity 2674K, committed 2688K, reserved 1048576K
}
Event: 1.371 GC heap before
{Heap before GC invocations=3 (full 0):
 PSYoungGen      total 140800K, used 16751K [0x000000076b780000, 0x0000000774b80000, 0x00000007c0000000)
  eden space 130048K, 4% used [0x000000076b780000,0x000000076bd61f80,0x0000000773680000)
  from space 10752K, 99% used [0x0000000774100000,0x0000000774b79ec0,0x0000000774b80000)
  to   space 10752K, 0% used [0x0000000773680000,0x0000000773680000,0x0000000774100000)
 ParOldGen       total 173568K, used 2514K [0x00000006c2600000, 0x00000006ccf80000, 0x000000076b780000)
  object space 173568K, 1% used [0x00000006c2600000,0x00000006c2874870,0x00000006ccf80000)
 Metaspace       used 20307K, capacity 21160K, committed 21248K, reserved 1067008K
  class space    used 2546K, capacity 2754K, committed 2816K, reserved 1048576K
Event: 1.377 GC heap after
Heap after GC invocations=3 (full 0):
 PSYoungGen      total 140800K, used 8648K [0x000000076b780000, 0x0000000774b80000, 0x00000007c0000000)
  eden space 130048K, 0% used [0x000000076b780000,0x000000076b780000,0x0000000773680000)
  from space 10752K, 80% used [0x0000000773680000,0x0000000773ef2070,0x0000000774100000)
  to   space 10752K, 0% used [0x0000000774100000,0x0000000774100000,0x0000000774b80000)
 ParOldGen       total 173568K, used 2522K [0x00000006c2600000, 0x00000006ccf80000, 0x000000076b780000)
  object space 173568K, 1% used [0x00000006c2600000,0x00000006c2876870,0x00000006ccf80000)
 Metaspace       used 20307K, capacity 21160K, committed 21248K, reserved 1067008K
  class space    used 2546K, capacity 2754K, committed 2816K, reserved 1048576K
}
Event: 1.377 GC heap before
{Heap before GC invocations=4 (full 1):
 PSYoungGen      total 140800K, used 8648K [0x000000076b780000, 0x0000000774b80000, 0x00000007c0000000)
  eden space 130048K, 0% used [0x000000076b780000,0x000000076b780000,0x0000000773680000)
  from space 10752K, 80% used [0x0000000773680000,0x0000000773ef2070,0x0000000774100000)
  to   space 10752K, 0% used [0x0000000774100000,0x0000000774100000,0x0000000774b80000)
 ParOldGen       total 173568K, used 2522K [0x00000006c2600000, 0x00000006ccf80000, 0x000000076b780000)
  object space 173568K, 1% used [0x00000006c2600000,0x00000006c2876870,0x00000006ccf80000)
 Metaspace       used 20307K, capacity 21160K, committed 21248K, reserved 1067008K
  class space    used 2546K, capacity 2754K, committed 2816K, reserved 1048576K
Event: 1.400 GC heap after
Heap after GC invocations=4 (full 1):
 PSYoungGen      total 140800K, used 0K [0x000000076b780000, 0x0000000774b80000, 0x00000007c0000000)
  eden space 130048K, 0% used [0x000000076b780000,0x000000076b780000,0x0000000773680000)
  from space 10752K, 0% used [0x0000000773680000,0x0000000773680000,0x0000000774100000)
  to   space 10752K, 0% used [0x0000000774100000,0x0000000774100000,0x0000000774b80000)
 ParOldGen       total 92160K, used 8360K [0x00000006c2600000, 0x00000006c8000000, 0x000000076b780000)
  object space 92160K, 9% used [0x00000006c2600000,0x00000006c2e2a2e0,0x00000006c8000000)
 Metaspace       used 20307K, capacity 21160K, committed 21248K, reserved 1067008K
  class space    used 2546K, capacity 2754K, committed 2816K, reserved 1048576K
}
Event: 2.418 GC heap before
{Heap before GC invocations=5 (full 1):
 PSYoungGen      total 140800K, used 130048K [0x000000076b780000, 0x0000000774b80000, 0x00000007c0000000)
  eden space 130048K, 100% used [0x000000076b780000,0x0000000773680000,0x0000000773680000)
  from space 10752K, 0% used [0x0000000773680000,0x0000000773680000,0x0000000774100000)
  to   space 10752K, 0% used [0x0000000774100000,0x0000000774100000,0x0000000774b80000)
 ParOldGen       total 92160K, used 8360K [0x00000006c2600000, 0x00000006c8000000, 0x000000076b780000)
  object space 92160K, 9% used [0x00000006c2600000,0x00000006c2e2a2e0,0x00000006c8000000)
 Metaspace       used 26750K, capacity 27728K, committed 27904K, reserved 1073152K
  class space    used 3248K, capacity 3505K, committed 3584K, reserved 1048576K
Event: 2.430 GC heap after
Heap after GC invocations=5 (full 1):
 PSYoungGen      total 140800K, used 10724K [0x000000076b780000, 0x000000077a580000, 0x00000007c0000000)
  eden space 130048K, 0% used [0x000000076b780000,0x000000076b780000,0x0000000773680000)
  from space 10752K, 99% used [0x0000000774100000,0x0000000774b792d8,0x0000000774b80000)
  to   space 10752K, 0% used [0x0000000773680000,0x0000000773680000,0x0000000774100000)
 ParOldGen       total 92160K, used 17466K [0x00000006c2600000, 0x00000006c8000000, 0x000000076b780000)
  object space 92160K, 18% used [0x00000006c2600000,0x00000006c370eaa8,0x00000006c8000000)
 Metaspace       used 26750K, capacity 27728K, committed 27904K, reserved 1073152K
  class space    used 3248K, capacity 3505K, committed 3584K, reserved 1048576K
}

